2023.01.11 14:27:49 INFO  tracing is disabled for protocol LSP, to enable tracing of incoming and outgoing JSON messages create an empty file at /home/tim/Projects/playground/hello-scala/.metals/lsp.trace.json or /home/tim/.cache/metals/lsp.trace.json[0m
2023.01.11 14:27:49 INFO  logging to file /home/tim/Projects/playground/hello-scala/.metals/metals.log[0m
2023.01.11 14:27:49 INFO  Started: Metals version 0.11.10 in workspace '/home/tim/Projects/playground/hello-scala' for client Neovim 0.8.2.[0m
2023.01.11 14:27:49 WARN  Can't instantiate JavaInteractiveSemanticdb (version: JdkVersion(19), jdkHome: /usr/lib/jvm/java-19-openjdk, javac exists: false)[0m
SLF4J: No SLF4J providers were found.
SLF4J: Defaulting to no-operation (NOP) logger implementation
SLF4J: See https://www.slf4j.org/codes.html#noProviders for further details.
SLF4J: Class path contains SLF4J bindings targeting slf4j-api versions 1.7.x or earlier.
SLF4J: Ignoring binding found at [jar:file:/home/tim/.cache/coursier/v1/https/repo1.maven.org/maven2/com/outr/scribe-slf4j_2.13/3.10.5/scribe-slf4j_2.13-3.10.5.jar!/org/slf4j/impl/StaticLoggerBinder.class]
SLF4J: See https://www.slf4j.org/codes.html#ignoredBindings for an explanation.
2023.01.11 14:27:50 INFO  time: initialize in 1.07s[0m
2023.01.11 14:27:51 WARN  Build server is not auto-connectable.[0m
2023.01.11 14:27:51 WARN  no build target for: /home/tim/Projects/playground/hello-scala/src/main/scala/Main.scala[0m
2023.01.11 14:27:53 INFO  running '/usr/lib/jvm/java-19-openjdk/bin/java -Djline.terminal=jline.UnsupportedTerminal -Dsbt.log.noformat=true -Dfile.encoding=UTF-8 -jar /tmp/metals7704345368339282083/sbt-launch.jar -Dbloop.export-jar-classifiers=sources bloopInstall'[0m
2023.01.11 14:27:56 INFO  [info] welcome to sbt 1.8.2 (N/A Java 19.0.1)[0m
2023.01.11 14:28:01 INFO  [info] loading settings for project hello-scala-build-build from metals.sbt ...[0m
2023.01.11 14:28:02 INFO  [info] loading project definition from /home/tim/Projects/playground/hello-scala/project/project[0m
2023.01.11 14:28:03 INFO  no build target found for /home/tim/Projects/playground/hello-scala/src/main/scala/Main.scala. Using presentation compiler with project's scala-library version: 3.2.1[0m
2023.01.11 14:28:08 INFO  [info] loading settings for project hello-scala-build from metals.sbt ...[0m
2023.01.11 14:28:08 INFO  [info] loading project definition from /home/tim/Projects/playground/hello-scala/project[0m
2023.01.11 14:28:15 INFO  [success] Generated .bloop/hello-scala-build.json[0m
2023.01.11 14:28:15 INFO  [success] Total time: 7 s, completed Jan 11, 2023, 2:28:15 PM[0m
2023.01.11 14:28:17 INFO  [info] loading settings for project root from build.sbt ...[0m
2023.01.11 14:28:17 INFO  [info] set current project to hello-scala (in build file:/home/tim/Projects/playground/hello-scala/)[0m
2023.01.11 14:28:20 INFO  [success] Generated .bloop/root.json[0m
2023.01.11 14:28:20 INFO  [success] Generated .bloop/root-test.json[0m
2023.01.11 14:28:20 INFO  [success] Total time: 2 s, completed Jan 11, 2023, 2:28:20 PM[0m
2023.01.11 14:28:20 INFO  time: ran 'sbt bloopInstall' in 27s[0m
2023.01.11 14:28:20 INFO  Attempting to connect to the build server...[0m
2023.01.11 14:28:20 INFO  Setting up current java home /usr/lib/jvm/java-19-openjdk in /home/tim/.bloop/bloop.json[0m
2023.01.11 14:28:42 INFO  tracing is disabled for protocol BSP, to enable tracing of incoming and outgoing JSON messages create an empty file at /home/tim/Projects/playground/hello-scala/.metals/bsp.trace.json or /home/tim/.cache/metals/bsp.trace.json[0m
2023.01.11 14:28:46 INFO  Attempting to connect to the build server...[0m
2023.01.11 14:28:46 INFO  Bloop uses /usr/lib/jvm/java-19-openjdk defined at /home/tim/.bloop/bloop.json[0m
2023.01.11 14:28:46 INFO  tracing is disabled for protocol BSP, to enable tracing of incoming and outgoing JSON messages create an empty file at /home/tim/Projects/playground/hello-scala/project/.metals/bsp.trace.json or /home/tim/.cache/metals/bsp.trace.json[0m
2023.01.11 14:28:49 INFO  time: Connected to build server in 28s[0m
2023.01.11 14:28:49 INFO  Connected to Build server: Bloop v1.5.6[0m
2023.01.11 14:28:49 INFO  time: Imported build in 0.21s[0m
2023.01.11 14:28:59 WARN  Could not find java sources in /usr/lib/jvm/src.zip, /usr/lib/jvm/lib/src.zip, /usr/lib/jvm/java-19-openjdk/src.zip, /usr/lib/jvm/java-19-openjdk/lib/src.zip. Java symbols will not be available.[0m
2023.01.11 14:29:02 WARN  Could not find java sources in /usr/lib/jvm/src.zip, /usr/lib/jvm/lib/src.zip, /usr/lib/jvm/java-19-openjdk/src.zip, /usr/lib/jvm/java-19-openjdk/lib/src.zip. Java symbols will not be available.[0m
2023.01.11 14:29:02 WARN  Could not find java sources in /usr/lib/jvm/src.zip, /usr/lib/jvm/lib/src.zip, /usr/lib/jvm/java-19-openjdk/src.zip, /usr/lib/jvm/java-19-openjdk/lib/src.zip. Java symbols will not be available.[0m
2023.01.11 14:29:02 INFO  time: indexed workspace in 13s[0m
2023.01.11 14:29:03 INFO  compiling root (1 scala source)[0m
2023.01.11 14:29:09 INFO  compiling root-test (1 scala source)[0m
2023.01.11 14:29:09 INFO  time: compiled root in 6.26s[0m
2023.01.11 14:29:11 INFO  time: compiled root-test in 1.83s[0m
2023.01.11 14:31:38 INFO  shutting down Metals[0m
2023.01.11 14:31:38 INFO  Shut down connection with build server.[0m
2023.01.11 14:31:38 INFO  Shut down connection with build server.[0m
